============================= test session starts =============================
platform win32 -- Python 3.12.13, pytest-8.4.2, pluggy-1.6.0
slice-00-04 platform-evidence os_family=Windows architecture=AMD64 ci_runner_label=local python_version=3.12.13 sqlite_version=3.53.1
rootdir: C:\Users\a2691\AppData\Local\hermes\managed-worktrees\hermes-software-pipeline\slice-01-02
configfile: pyproject.toml
testpaths: tests
plugins: anyio-4.14.2, hypothesis-6.165.1, langsmith-0.10.17, asyncio-1.4.0
asyncio: mode=Mode.AUTO, debug=False, asyncio_default_fixture_loop_scope=function, asyncio_default_test_loop_scope=function
collected 609 items

tests\controller\test_kernel_submit.py ..............                    [  2%]
tests\domain\test_pipeline_aggregate.py ..........                       [  3%]
tests\modules\test_artifacts_port.py ..                                  [  4%]
tests\modules\test_controller_port.py ....                               [  4%]
tests\modules\test_delivery_port.py ...                                  [  5%]
tests\modules\test_interaction_port.py ...                               [  5%]
tests\modules\test_operations_port.py ....                               [  6%]
tests\modules\test_repository_port.py ...                                [  7%]
tests\modules\test_runtime_broker_port.py ...                            [  7%]
tests\modules\test_stage_executor_port.py .....                          [  8%]
tests\spike\adversarial\test_adversarial.py .........                    [  9%]
tests\spike\adversarial-security\test_adversarial_security.py .......    [ 11%]
tests\spike\capability\test_capability_matrix.py ....                    [ 11%]
tests\spike\domain\test_counter_spike.py ...........                     [ 13%]
tests\spike\e2e\test_e2e_browser_composition.py ..                       [ 13%]
tests\spike\e2e\test_e2e_wiring.py ....                                  [ 14%]
tests\spike\golden\test_golden_fixtures.py ....                          [ 15%]
tests\spike\interception\test_interception.py ........                   [ 16%]
tests\spike\langgraph\test_checkpoint_spike.py .......                   [ 17%]
tests\spike\lifecycle\test_lifecycle.py ..                               [ 17%]
tests\spike\migration\test_migration_spike.py ..........                 [ 19%]
tests\spike\persistence\test_backup_restore.py ..............            [ 21%]
tests\spike\persistence\test_crash_recovery.py .......                   [ 22%]
tests\spike\persistence\test_import_boundaries.py .............          [ 25%]
tests\spike\persistence\test_lease_fencing.py ...........                [ 26%]
tests\spike\persistence\test_port_contract.py .......................... [ 31%]
...................                                                      [ 34%]
tests\spike\persistence\test_projection_rebuild.py ....                  [ 34%]
tests\spike\persistence\test_sqlite_version_gate.py ........             [ 36%]
tests\spike\probe\gateway\test_gateway_probe.py s                        [ 36%]
tests\spike\probe\install\test_install_probe.py sss                      [ 36%]
tests\spike\probe\pluginmanager\test_pluginmanager_probe.py sss          [ 37%]
tests\spike\probe\test_hermes_helpers.py .                               [ 37%]
tests\spike\restart\test_crash_matrix.py .....                           [ 38%]
tests\spike\restart\test_stale_descriptor.py ...                         [ 38%]
tests\spike\runtime\test_acl.py ..............                           [ 41%]
tests\spike\runtime\test_descriptor.py ..........s.....s.sss.ss.         [ 45%]
tests\spike\runtime\test_identity.py .......                             [ 46%]
tests\spike\runtime\test_lock.py ....                                    [ 47%]
tests\spike\runtime\test_protocol.py ...........................         [ 51%]
tests\spike\runtime\test_receipts.py .........                           [ 53%]
tests\spike\runtime\test_runtime_provision.py ...                        [ 53%]
tests\spike\security\test_auth_goldens.py ........                       [ 54%]
tests\spike\security\test_codex_adapter_probe.py ...                     [ 55%]
tests\spike\security\test_fake_only_gate.py ......                       [ 56%]
tests\spike\security\test_host_paths.py ...                              [ 56%]
tests\spike\security\test_isolation_probe.py ...                         [ 57%]
tests\spike\security\test_opencode_adapter_probe.py ...                  [ 57%]
tests\spike\security\test_process_tree.py ....                           [ 58%]
tests\spike\security\test_redaction.py ...                               [ 58%]
tests\spike\security\test_runner_collection.py .                         [ 59%]
tests\spike\security\test_tool_identity.py ....                          [ 59%]
tests\spike\shim\test_cli_commands.py .......                            [ 60%]
tests\spike\shim\test_hook.py ..........                                 [ 62%]
tests\spike\shim\test_import_scan.py ................                    [ 65%]
tests\spike\shim\test_manifest.py ........                               [ 66%]
tests\spike\test_dependency_isolation.py ......                          [ 67%]
tests\spike\test_disposition.py .....                                    [ 68%]
tests\spike\workflow_policy\test_hermes_workflow_policy.py ............. [ 70%]
...................                                                      [ 73%]
tests\spike\workload\test_workload.py .......                            [ 74%]
tests\test_architecture_check.py ......................                  [ 78%]
tests\test_cli.py ...............                                        [ 80%]
tests\test_contracts_consistency.py ..                                   [ 81%]
tests\test_contracts_corpus.py .............                             [ 83%]
tests\test_contracts_definitions.py .............                        [ 85%]
tests\test_contracts_drift_check.py .......                              [ 86%]
tests\test_contracts_failure_paths.py ............                       [ 88%]
tests\test_contracts_generation.py ...................                   [ 91%]
tests\test_contracts_jcs.py ...                                          [ 92%]
tests\test_contracts_lazy_dispatch.py ....                               [ 92%]
tests\test_contracts_migration.py ..........                             [ 94%]
tests\test_dependency_audit.py ..                                        [ 94%]
tests\test_facilities.py .......                                         [ 95%]
tests\test_ignored_paths.py ..........                                   [ 97%]
tests\test_quality_workflow.py .......                                   [ 98%]
tests\test_repository_artifacts.py ..                                    [ 99%]
tests\test_sbom_preview.py .                                             [ 99%]
tests\test_tool_runtime.py .                                             [ 99%]
tests\test_version.py ....                                               [100%]

================= 595 passed, 14 skipped in 91.47s (0:01:31) ==================
